<?xml version="1.0" encoding="UTF-8"?>
<!-- Generated by org.testng.reporters.JUnitReportReporter -->
<testsuite hostname="KMK" failures="0" tests="113" name="runner.testRunner" time="152.066" errors="0" timestamp="2023-11-27T10:53:38 CST" skipped="0">
  <testcase classname="runner.testRunner" name="runScenario" time="0.657"/>
  <testcase classname="runner.testRunner" name="runScenario" time="2.434"/>
  <testcase classname="runner.testRunner" name="runScenario" time="0.510"/>
  <testcase classname="runner.testRunner" name="runScenario" time="0.439"/>
  <testcase classname="runner.testRunner" name="runScenario" time="1.056"/>
  <testcase classname="runner.testRunner" name="runScenario" time="2.085"/>
  <testcase classname="runner.testRunner" name="runScenario" time="0.959"/>
  <testcase classname="runner.testRunner" name="runScenario" time="1.320"/>
  <testcase classname="runner.testRunner" name="runScenario" time="0.459"/>
  <testcase classname="runner.testRunner" name="runScenario" time="0.694"/>
  <testcase classname="runner.testRunner" name="runScenario" time="2.047"/>
  <testcase classname="runner.testRunner" name="runScenario" time="0.493"/>
  <testcase classname="runner.testRunner" name="runScenario" time="2.272"/>
  <testcase classname="runner.testRunner" name="runScenario" time="2.952"/>
  <testcase classname="runner.testRunner" name="runScenario" time="1.044"/>
  <testcase classname="runner.testRunner" name="runScenario" time="0.631"/>
  <testcase classname="runner.testRunner" name="runScenario" time="0.698"/>
  <testcase classname="runner.testRunner" name="runScenario" time="0.632"/>
  <testcase classname="runner.testRunner" name="runScenario" time="1.336"/>
  <testcase classname="runner.testRunner" name="runScenario" time="1.003"/>
  <testcase classname="runner.testRunner" name="runScenario" time="1.273"/>
  <testcase classname="runner.testRunner" name="runScenario" time="2.322"/>
  <testcase classname="runner.testRunner" name="runScenario" time="1.134"/>
  <testcase classname="runner.testRunner" name="runScenario" time="0.490"/>
  <testcase classname="runner.testRunner" name="runScenario" time="0.793"/>
  <testcase classname="runner.testRunner" name="runScenario" time="0.814"/>
  <testcase classname="runner.testRunner" name="runScenario" time="0.482"/>
  <testcase classname="runner.testRunner" name="runScenario" time="1.312"/>
  <testcase classname="runner.testRunner" name="runScenario" time="2.379"/>
  <testcase classname="runner.testRunner" name="runScenario" time="1.031"/>
  <testcase classname="runner.testRunner" name="runScenario" time="0.528"/>
  <testcase classname="runner.testRunner" name="runScenario" time="1.308"/>
  <testcase classname="runner.testRunner" name="runScenario" time="2.684"/>
  <testcase classname="runner.testRunner" name="runScenario" time="2.432"/>
  <testcase classname="runner.testRunner" name="runScenario" time="3.555"/>
  <testcase classname="runner.testRunner" name="runScenario" time="4.595"/>
  <testcase classname="runner.testRunner" name="runScenario" time="2.326"/>
  <testcase classname="runner.testRunner" name="runScenario" time="2.053"/>
  <testcase classname="runner.testRunner" name="runScenario" time="0.471"/>
  <testcase classname="runner.testRunner" name="runScenario" time="0.830"/>
  <testcase classname="runner.testRunner" name="runScenario" time="1.052"/>
  <testcase classname="runner.testRunner" name="runScenario" time="1.021"/>
  <testcase classname="runner.testRunner" name="runScenario" time="1.286"/>
  <testcase classname="runner.testRunner" name="runScenario" time="2.264"/>
  <testcase classname="runner.testRunner" name="runScenario" time="1.350"/>
  <testcase classname="runner.testRunner" name="runScenario" time="0.690"/>
  <testcase classname="runner.testRunner" name="runScenario" time="2.274"/>
  <testcase classname="runner.testRunner" name="runScenario" time="2.755"/>
  <testcase classname="runner.testRunner" name="runScenario" time="1.059"/>
  <testcase classname="runner.testRunner" name="runScenario" time="2.044"/>
  <testcase classname="runner.testRunner" name="runScenario" time="0.724"/>
  <testcase classname="runner.testRunner" name="runScenario" time="1.008"/>
  <testcase classname="runner.testRunner" name="runScenario" time="0.669"/>
  <testcase classname="runner.testRunner" name="runScenario" time="1.099"/>
  <testcase classname="runner.testRunner" name="runScenario" time="1.309"/>
  <testcase classname="runner.testRunner" name="runScenario" time="0.449"/>
  <testcase classname="runner.testRunner" name="runScenario" time="2.063"/>
  <testcase classname="runner.testRunner" name="runScenario" time="1.045"/>
  <testcase classname="runner.testRunner" name="runScenario" time="0.667"/>
  <testcase classname="runner.testRunner" name="runScenario" time="2.436"/>
  <testcase classname="runner.testRunner" name="runScenario" time="0.769"/>
  <testcase classname="runner.testRunner" name="runScenario" time="0.471"/>
  <testcase classname="runner.testRunner" name="runScenario" time="2.019"/>
  <testcase classname="runner.testRunner" name="runScenario" time="0.986"/>
  <testcase classname="runner.testRunner" name="runScenario" time="0.782"/>
  <testcase classname="runner.testRunner" name="runScenario" time="3.586"/>
  <testcase classname="runner.testRunner" name="runScenario" time="1.285"/>
  <testcase classname="runner.testRunner" name="runScenario" time="2.362"/>
  <testcase classname="runner.testRunner" name="runScenario" time="0.550"/>
  <testcase classname="runner.testRunner" name="runScenario" time="1.290"/>
  <testcase classname="runner.testRunner" name="runScenario" time="0.600"/>
  <testcase classname="runner.testRunner" name="runScenario" time="1.039"/>
  <testcase classname="runner.testRunner" name="runScenario" time="0.630"/>
  <testcase classname="runner.testRunner" name="runScenario" time="3.004"/>
  <testcase classname="runner.testRunner" name="runScenario" time="1.313"/>
  <testcase classname="runner.testRunner" name="runScenario" time="0.726"/>
  <testcase classname="runner.testRunner" name="runScenario" time="1.304"/>
  <testcase classname="runner.testRunner" name="runScenario" time="0.518"/>
  <testcase classname="runner.testRunner" name="runScenario" time="1.021"/>
  <testcase classname="runner.testRunner" name="runScenario" time="1.297"/>
  <testcase classname="runner.testRunner" name="runScenario" time="0.481"/>
  <testcase classname="runner.testRunner" name="runScenario" time="1.314"/>
  <testcase classname="runner.testRunner" name="runScenario" time="1.022"/>
  <testcase classname="runner.testRunner" name="runScenario" time="0.979"/>
  <testcase classname="runner.testRunner" name="runScenario" time="1.008"/>
  <testcase classname="runner.testRunner" name="runScenario" time="0.616"/>
  <testcase classname="runner.testRunner" name="runScenario" time="1.348"/>
  <testcase classname="runner.testRunner" name="runScenario" time="0.660"/>
  <testcase classname="runner.testRunner" name="runScenario" time="0.783"/>
  <testcase classname="runner.testRunner" name="runScenario" time="1.988"/>
  <testcase classname="runner.testRunner" name="runScenario" time="0.568"/>
  <testcase classname="runner.testRunner" name="runScenario" time="2.313"/>
  <testcase classname="runner.testRunner" name="runScenario" time="0.618"/>
  <testcase classname="runner.testRunner" name="runScenario" time="0.442"/>
  <testcase classname="runner.testRunner" name="runScenario" time="0.656"/>
  <testcase classname="runner.testRunner" name="runScenario" time="2.075"/>
  <testcase classname="runner.testRunner" name="runScenario" time="1.015"/>
  <testcase classname="runner.testRunner" name="runScenario" time="2.060"/>
  <testcase classname="runner.testRunner" name="runScenario" time="0.783"/>
  <testcase classname="runner.testRunner" name="runScenario" time="1.035"/>
  <testcase classname="runner.testRunner" name="runScenario" time="0.640"/>
  <testcase classname="runner.testRunner" name="runScenario" time="0.895"/>
  <testcase classname="runner.testRunner" name="runScenario" time="2.694"/>
  <testcase classname="runner.testRunner" name="runScenario" time="0.482"/>
  <testcase classname="runner.testRunner" name="runScenario" time="0.691"/>
  <testcase classname="runner.testRunner" name="runScenario" time="1.048"/>
  <testcase classname="runner.testRunner" name="runScenario" time="0.413"/>
  <testcase classname="runner.testRunner" name="runScenario" time="1.325"/>
  <testcase classname="runner.testRunner" name="runScenario" time="2.300"/>
  <testcase classname="runner.testRunner" name="runScenario" time="3.307"/>
  <testcase classname="runner.testRunner" name="runScenario" time="0.589"/>
  <testcase classname="runner.testRunner" name="runScenario" time="4.478"/>
  <testcase classname="runner.testRunner" name="runScenario" time="2.091"/>
</testsuite> <!-- runner.testRunner -->
